<?xml version="1.0" encoding="UTF-8"?>
<coverage generated="1626896154734" clover="3.2.0">
  <project timestamp="1626896154734" name="All files">
    <metrics statements="4" coveredstatements="4" conditionals="0" coveredconditionals="0" methods="3" coveredmethods="3" elements="7" coveredelements="7" complexity="0" loc="4" ncloc="4" packages="1" files="1" classes="1"/>
    <file name="Todo.vue" path="/home/igraciano/Testing projects/new testing vue/vue-testing/src/components/Todo.vue">
      <metrics statements="4" coveredstatements="4" conditionals="0" coveredconditionals="0" methods="3" coveredmethods="3"/>
      <line num="35" count="5" type="stmt"/>
      <line num="43" count="7" type="stmt"/>
      <line num="47" count="7" type="stmt"/>
      <line num="50" count="1" type="stmt"/>
    </file>
  </project>
</coverage>
